0 info it worked if it ends with ok
1 verbose cli [ '/Users/richardhsu/.meteor/packages/meteor-tool/.1.4.1_1.9qu7np++os.osx.x86_64+web.browser+web.cordova/mt-os.osx.x86_64/dev_bundle/bin/node',
1 verbose cli   '/Users/richardhsu/.meteor/packages/meteor-tool/1.4.1_1/mt-os.osx.x86_64/dev_bundle/bin/npm',
1 verbose cli   'install',
1 verbose cli   '--save',
1 verbose cli   'datatables.net',
1 verbose cli   'datatables.net-bs',
1 verbose cli   'datatables.net-editor' ]
2 info using npm@3.10.6
3 info using node@v4.5.0
4 silly loadCurrentTree Starting
5 silly install loadCurrentTree
6 silly install readLocalPackageData
7 silly fetchPackageMetaData datatables.net
8 silly fetchPackageMetaData datatables.net-bs
9 silly fetchPackageMetaData datatables.net-editor
10 silly fetchNamedPackageData datatables.net
11 silly mapToRegistry name datatables.net
12 silly mapToRegistry using default registry
13 silly mapToRegistry registry https://registry.npmjs.org/
14 silly mapToRegistry data Result {
14 silly mapToRegistry   raw: 'datatables.net',
14 silly mapToRegistry   scope: null,
14 silly mapToRegistry   escapedName: 'datatables.net',
14 silly mapToRegistry   name: 'datatables.net',
14 silly mapToRegistry   rawSpec: '',
14 silly mapToRegistry   spec: 'latest',
14 silly mapToRegistry   type: 'tag' }
15 silly mapToRegistry uri https://registry.npmjs.org/datatables.net
16 silly fetchNamedPackageData datatables.net-bs
17 silly mapToRegistry name datatables.net-bs
18 silly mapToRegistry using default registry
19 silly mapToRegistry registry https://registry.npmjs.org/
20 silly mapToRegistry data Result {
20 silly mapToRegistry   raw: 'datatables.net-bs',
20 silly mapToRegistry   scope: null,
20 silly mapToRegistry   escapedName: 'datatables.net-bs',
20 silly mapToRegistry   name: 'datatables.net-bs',
20 silly mapToRegistry   rawSpec: '',
20 silly mapToRegistry   spec: 'latest',
20 silly mapToRegistry   type: 'tag' }
21 silly mapToRegistry uri https://registry.npmjs.org/datatables.net-bs
22 silly fetchNamedPackageData datatables.net-editor
23 silly mapToRegistry name datatables.net-editor
24 silly mapToRegistry using default registry
25 silly mapToRegistry registry https://registry.npmjs.org/
26 silly mapToRegistry data Result {
26 silly mapToRegistry   raw: 'datatables.net-editor',
26 silly mapToRegistry   scope: null,
26 silly mapToRegistry   escapedName: 'datatables.net-editor',
26 silly mapToRegistry   name: 'datatables.net-editor',
26 silly mapToRegistry   rawSpec: '',
26 silly mapToRegistry   spec: 'latest',
26 silly mapToRegistry   type: 'tag' }
27 silly mapToRegistry uri https://registry.npmjs.org/datatables.net-editor
28 verbose request uri https://registry.npmjs.org/datatables.net
29 verbose request no auth needed
30 info attempt registry request try #1 at 4:07:31 PM
31 verbose request id da56275acd049711
32 http request GET https://registry.npmjs.org/datatables.net
33 verbose request uri https://registry.npmjs.org/datatables.net-bs
34 verbose request no auth needed
35 info attempt registry request try #1 at 4:07:31 PM
36 http request GET https://registry.npmjs.org/datatables.net-bs
37 verbose request uri https://registry.npmjs.org/datatables.net-editor
38 verbose request no auth needed
39 info attempt registry request try #1 at 4:07:31 PM
40 http request GET https://registry.npmjs.org/datatables.net-editor
41 http 200 https://registry.npmjs.org/datatables.net
42 verbose headers { server: 'CouchDB/1.5.0 (Erlang OTP/R16B03)',
42 verbose headers   etag: '"3KEUDSZW2LT2I79IEUCUI149H"',
42 verbose headers   'content-type': 'application/json',
42 verbose headers   'content-encoding': 'gzip',
42 verbose headers   'cache-control': 'max-age=300',
42 verbose headers   'content-length': '2365',
42 verbose headers   'accept-ranges': 'bytes',
42 verbose headers   date: 'Tue, 27 Sep 2016 20:07:31 GMT',
42 verbose headers   via: '1.1 varnish',
42 verbose headers   age: '207',
42 verbose headers   connection: 'keep-alive',
42 verbose headers   'x-served-by': 'cache-iad2128-IAD',
42 verbose headers   'x-cache': 'HIT',
42 verbose headers   'x-cache-hits': '1',
42 verbose headers   'x-timer': 'S1475006851.646268,VS0,VE0',
42 verbose headers   vary: 'Accept-Encoding' }
43 silly get cb [ 200,
43 silly get   { server: 'CouchDB/1.5.0 (Erlang OTP/R16B03)',
43 silly get     etag: '"3KEUDSZW2LT2I79IEUCUI149H"',
43 silly get     'content-type': 'application/json',
43 silly get     'content-encoding': 'gzip',
43 silly get     'cache-control': 'max-age=300',
43 silly get     'content-length': '2365',
43 silly get     'accept-ranges': 'bytes',
43 silly get     date: 'Tue, 27 Sep 2016 20:07:31 GMT',
43 silly get     via: '1.1 varnish',
43 silly get     age: '207',
43 silly get     connection: 'keep-alive',
43 silly get     'x-served-by': 'cache-iad2128-IAD',
43 silly get     'x-cache': 'HIT',
43 silly get     'x-cache-hits': '1',
43 silly get     'x-timer': 'S1475006851.646268,VS0,VE0',
43 silly get     vary: 'Accept-Encoding' } ]
44 verbose get saving datatables.net to /Users/richardhsu/.npm/registry.npmjs.org/datatables.net/.cache.json
45 verbose correctMkdir /Users/richardhsu/.npm correctMkdir not in flight; initializing
46 http 200 https://registry.npmjs.org/datatables.net-bs
47 verbose headers { server: 'CouchDB/1.5.0 (Erlang OTP/R16B03)',
47 verbose headers   etag: '"6PTD22TI5QA1U8L07IM087HV0"',
47 verbose headers   'content-type': 'application/json',
47 verbose headers   'content-encoding': 'gzip',
47 verbose headers   'cache-control': 'max-age=300',
47 verbose headers   'content-length': '2364',
47 verbose headers   'accept-ranges': 'bytes',
47 verbose headers   date: 'Tue, 27 Sep 2016 20:07:31 GMT',
47 verbose headers   via: '1.1 varnish',
47 verbose headers   age: '0',
47 verbose headers   connection: 'keep-alive',
47 verbose headers   'x-served-by': 'cache-iad2146-IAD',
47 verbose headers   'x-cache': 'MISS',
47 verbose headers   'x-cache-hits': '0',
47 verbose headers   'x-timer': 'S1475006851.648661,VS0,VE33',
47 verbose headers   vary: 'Accept-Encoding' }
48 silly get cb [ 200,
48 silly get   { server: 'CouchDB/1.5.0 (Erlang OTP/R16B03)',
48 silly get     etag: '"6PTD22TI5QA1U8L07IM087HV0"',
48 silly get     'content-type': 'application/json',
48 silly get     'content-encoding': 'gzip',
48 silly get     'cache-control': 'max-age=300',
48 silly get     'content-length': '2364',
48 silly get     'accept-ranges': 'bytes',
48 silly get     date: 'Tue, 27 Sep 2016 20:07:31 GMT',
48 silly get     via: '1.1 varnish',
48 silly get     age: '0',
48 silly get     connection: 'keep-alive',
48 silly get     'x-served-by': 'cache-iad2146-IAD',
48 silly get     'x-cache': 'MISS',
48 silly get     'x-cache-hits': '0',
48 silly get     'x-timer': 'S1475006851.648661,VS0,VE33',
48 silly get     vary: 'Accept-Encoding' } ]
49 verbose get saving datatables.net-bs to /Users/richardhsu/.npm/registry.npmjs.org/datatables.net-bs/.cache.json
50 verbose correctMkdir /Users/richardhsu/.npm correctMkdir not in flight; initializing
51 http 404 https://registry.npmjs.org/datatables.net-editor
52 verbose headers { 'content-type': 'application/json',
52 verbose headers   'cache-control': 'max-age=0',
52 verbose headers   'content-length': '2',
52 verbose headers   'accept-ranges': 'bytes',
52 verbose headers   date: 'Tue, 27 Sep 2016 20:07:31 GMT',
52 verbose headers   via: '1.1 varnish',
52 verbose headers   age: '0',
52 verbose headers   connection: 'keep-alive',
52 verbose headers   'x-served-by': 'cache-iad2644-IAD',
52 verbose headers   'x-cache': 'MISS',
52 verbose headers   'x-cache-hits': '0',
52 verbose headers   'x-timer': 'S1475006851.640813,VS0,VE108',
52 verbose headers   vary: 'Accept-Encoding' }
53 silly get cb [ 404,
53 silly get   { 'content-type': 'application/json',
53 silly get     'cache-control': 'max-age=0',
53 silly get     'content-length': '2',
53 silly get     'accept-ranges': 'bytes',
53 silly get     date: 'Tue, 27 Sep 2016 20:07:31 GMT',
53 silly get     via: '1.1 varnish',
53 silly get     age: '0',
53 silly get     connection: 'keep-alive',
53 silly get     'x-served-by': 'cache-iad2644-IAD',
53 silly get     'x-cache': 'MISS',
53 silly get     'x-cache-hits': '0',
53 silly get     'x-timer': 'S1475006851.640813,VS0,VE108',
53 silly get     vary: 'Accept-Encoding' } ]
54 silly fetchPackageMetaData Error: Registry returned 404 for GET on https://registry.npmjs.org/datatables.net-editor
54 silly fetchPackageMetaData     at makeError (/Users/richardhsu/.meteor/packages/meteor-tool/.1.4.1_1.9qu7np++os.osx.x86_64+web.browser+web.cordova/mt-os.osx.x86_64/dev_bundle/lib/node_modules/npm/node_modules/npm-registry-client/lib/request.js:264:12)
54 silly fetchPackageMetaData     at CachingRegistryClient.<anonymous> (/Users/richardhsu/.meteor/packages/meteor-tool/.1.4.1_1.9qu7np++os.osx.x86_64+web.browser+web.cordova/mt-os.osx.x86_64/dev_bundle/lib/node_modules/npm/node_modules/npm-registry-client/lib/request.js:242:14)
54 silly fetchPackageMetaData     at Request._callback (/Users/richardhsu/.meteor/packages/meteor-tool/.1.4.1_1.9qu7np++os.osx.x86_64+web.browser+web.cordova/mt-os.osx.x86_64/dev_bundle/lib/node_modules/npm/node_modules/npm-registry-client/lib/request.js:172:14)
54 silly fetchPackageMetaData     at Request.self.callback (/Users/richardhsu/.meteor/packages/meteor-tool/.1.4.1_1.9qu7np++os.osx.x86_64+web.browser+web.cordova/mt-os.osx.x86_64/dev_bundle/lib/node_modules/npm/node_modules/request/request.js:200:22)
54 silly fetchPackageMetaData     at emitTwo (events.js:87:13)
54 silly fetchPackageMetaData     at Request.emit (events.js:172:7)
54 silly fetchPackageMetaData     at Request.<anonymous> (/Users/richardhsu/.meteor/packages/meteor-tool/.1.4.1_1.9qu7np++os.osx.x86_64+web.browser+web.cordova/mt-os.osx.x86_64/dev_bundle/lib/node_modules/npm/node_modules/request/request.js:1067:10)
54 silly fetchPackageMetaData     at emitOne (events.js:82:20)
54 silly fetchPackageMetaData     at Request.emit (events.js:169:7)
54 silly fetchPackageMetaData     at IncomingMessage.<anonymous> (/Users/richardhsu/.meteor/packages/meteor-tool/.1.4.1_1.9qu7np++os.osx.x86_64+web.browser+web.cordova/mt-os.osx.x86_64/dev_bundle/lib/node_modules/npm/node_modules/request/request.js:988:12)
54 silly fetchPackageMetaData  error for datatables.net-editor { [Error: Registry returned 404 for GET on https://registry.npmjs.org/datatables.net-editor] pkgid: 'datatables.net-editor', statusCode: 404, code: 'E404' }
55 silly rollbackFailedOptional Starting
56 silly rollbackFailedOptional Finishing
57 silly runTopLevelLifecycles Starting
58 silly runTopLevelLifecycles Finishing
59 silly install printInstalled
60 verbose stack Error: Registry returned 404 for GET on https://registry.npmjs.org/datatables.net-editor
60 verbose stack     at makeError (/Users/richardhsu/.meteor/packages/meteor-tool/.1.4.1_1.9qu7np++os.osx.x86_64+web.browser+web.cordova/mt-os.osx.x86_64/dev_bundle/lib/node_modules/npm/node_modules/npm-registry-client/lib/request.js:264:12)
60 verbose stack     at CachingRegistryClient.<anonymous> (/Users/richardhsu/.meteor/packages/meteor-tool/.1.4.1_1.9qu7np++os.osx.x86_64+web.browser+web.cordova/mt-os.osx.x86_64/dev_bundle/lib/node_modules/npm/node_modules/npm-registry-client/lib/request.js:242:14)
60 verbose stack     at Request._callback (/Users/richardhsu/.meteor/packages/meteor-tool/.1.4.1_1.9qu7np++os.osx.x86_64+web.browser+web.cordova/mt-os.osx.x86_64/dev_bundle/lib/node_modules/npm/node_modules/npm-registry-client/lib/request.js:172:14)
60 verbose stack     at Request.self.callback (/Users/richardhsu/.meteor/packages/meteor-tool/.1.4.1_1.9qu7np++os.osx.x86_64+web.browser+web.cordova/mt-os.osx.x86_64/dev_bundle/lib/node_modules/npm/node_modules/request/request.js:200:22)
60 verbose stack     at emitTwo (events.js:87:13)
60 verbose stack     at Request.emit (events.js:172:7)
60 verbose stack     at Request.<anonymous> (/Users/richardhsu/.meteor/packages/meteor-tool/.1.4.1_1.9qu7np++os.osx.x86_64+web.browser+web.cordova/mt-os.osx.x86_64/dev_bundle/lib/node_modules/npm/node_modules/request/request.js:1067:10)
60 verbose stack     at emitOne (events.js:82:20)
60 verbose stack     at Request.emit (events.js:169:7)
60 verbose stack     at IncomingMessage.<anonymous> (/Users/richardhsu/.meteor/packages/meteor-tool/.1.4.1_1.9qu7np++os.osx.x86_64+web.browser+web.cordova/mt-os.osx.x86_64/dev_bundle/lib/node_modules/npm/node_modules/request/request.js:988:12)
61 verbose statusCode 404
62 verbose pkgid datatables.net-editor
63 verbose cwd /Users/richardhsu/Desktop/datatable-editor
64 error Darwin 15.5.0
65 error argv "/Users/richardhsu/.meteor/packages/meteor-tool/.1.4.1_1.9qu7np++os.osx.x86_64+web.browser+web.cordova/mt-os.osx.x86_64/dev_bundle/bin/node" "/Users/richardhsu/.meteor/packages/meteor-tool/1.4.1_1/mt-os.osx.x86_64/dev_bundle/bin/npm" "install" "--save" "datatables.net" "datatables.net-bs" "datatables.net-editor"
66 error node v4.5.0
67 error npm  v3.10.6
68 error code E404
69 error 404 Registry returned 404 for GET on https://registry.npmjs.org/datatables.net-editor
70 error 404
71 error 404 'datatables.net-editor' is not in the npm registry.
72 error 404 You should bug the author to publish it (or use the name yourself!)
73 error 404 Note that you can also install from a
74 error 404 tarball, folder, http url, or git url.
75 verbose exit [ 1, true ]
